<?xml version="1.0" encoding="UTF-8"?>
<TestRun id="b25808a2-6ee3-4c5e-9bc9-c11f219fc25c" name="Jassem Belgacem@AF201804P4269 2021-01-06 09:56:09" runUser="AF201804P4269\Jassem Belgacem" xmlns="http://microsoft.com/schemas/VisualStudio/TeamTest/2006">
  <TestRunConfiguration name="Local Test Run" id="8f5728d1-4646-4df3-a3ec-f921ae3da821">
    <Description>This is a default test run configuration for a local test run.</Description>
    <Deployment runDeploymentRoot="C:\CB\InventoryCB\TestResults\Jassem Belgacem_AF201804P4269 2021-01-06 09_56_09">
      <DeploymentItem filename="C:\CB\InventoryCB\InventoryCB\bin\Debug\InventoryCB.exe" />
    </Deployment>
    <TestTypeSpecific />
  </TestRunConfiguration>
  <ResultSummary outcome="Error">
    <Counters total="1" executed="1" error="0" failed="0" timeout="0" aborted="1" inconclusive="0" passedButRunAborted="0" notRunnable="0" notExecuted="0" disconnected="0" warning="0" passed="0" completed="0" inProgress="0" pending="0" />
    <RunInfos>
      <RunInfo computerName="AF201804P4269" outcome="Error" timestamp="2021-01-06T09:56:51.1582795+01:00">
        <Text>Test host process exited unexpectedly.</Text>
      </RunInfo>
    </RunInfos>
  </ResultSummary>
  <Times creation="2021-01-06T09:56:09.6933453+01:00" queuing="2021-01-06T09:56:11.1563681+01:00" start="2021-01-06T09:56:11.3240082+01:00" finish="2021-01-06T09:56:51.1592782+01:00" />
  <TestDefinitions>
    <UnitTest name="TestMethod1" storage="c:\cb\inventorycb\inventorytestproject\bin\debug\inventorytestproject.dll" id="cd93b8cd-7cb4-2974-2e5a-c7a5b88483f4">
      <Css projectStructure="" iteration="" />
      <Owners>
        <Owner name="" />
      </Owners>
      <Execution id="a5d888a6-0e68-468c-b741-b2c27b59e922" />
      <TestMethod codeBase="C:\CB\InventoryCB\InventoryTestProject\bin\Debug\InventoryTestProject.dll" adapterTypeName="Microsoft.VisualStudio.TestTools.TestTypes.Unit.UnitTestAdapter, Microsoft.VisualStudio.QualityTools.Tips.UnitTest.Adapter, Version=9.0.0.0, Culture=neutral, PublicKeyToken=b03f5f7f11d50a3a" className="InventoryTestProject.ProductServiceUnitTest, InventoryTestProject" name="TestMethod1" />
    </UnitTest>
  </TestDefinitions>
  <TestLists>
    <TestList name="Results Not in a List" id="8c84fa94-04c1-424b-9868-57a2d4851a1d" />
    <TestList name="All Loaded Results" id="19431567-8539-422a-85d7-44ee4e166bda" />
  </TestLists>
  <TestEntries>
    <TestEntry testId="cd93b8cd-7cb4-2974-2e5a-c7a5b88483f4" executionId="78d2a79d-91fe-458a-a3d3-c9aa67b4dfb1" testListId="8c84fa94-04c1-424b-9868-57a2d4851a1d" />
  </TestEntries>
  <Results>
    <UnitTestResult executionId="78d2a79d-91fe-458a-a3d3-c9aa67b4dfb1" testId="cd93b8cd-7cb4-2974-2e5a-c7a5b88483f4" testName="TestMethod1" computerName="AF201804P4269" duration="00:00:39.7291656" startTime="2021-01-06T09:56:11.4301126+01:00" endTime="2021-01-06T09:56:51.1592782+01:00" testType="13cdc9d9-ddb5-4fa4-a97d-d965ccfc6d4b" outcome="Aborted" testListId="8c84fa94-04c1-424b-9868-57a2d4851a1d">
    </UnitTestResult>
  </Results>
</TestRun>