<?xml version="1.0" encoding="UTF-8"?>
<TestRun id="be2b624b-f6cb-4cdc-afce-ee83188d2c5f" name="Jassem Belgacem@AF201804P4269 2021-01-06 10:33:24" runUser="AF201804P4269\Jassem Belgacem" xmlns="http://microsoft.com/schemas/VisualStudio/TeamTest/2006">
  <TestRunConfiguration name="Local Test Run" id="8f5728d1-4646-4df3-a3ec-f921ae3da821">
    <Description>This is a default test run configuration for a local test run.</Description>
    <Deployment runDeploymentRoot="C:\CB\InventoryCB\TestResults\Jassem Belgacem_AF201804P4269 2021-01-06 10_33_24">
      <DeploymentItem filename="C:\CB\InventoryCB\InventoryCB\bin\Debug\InventoryCB.exe" />
    </Deployment>
    <TestTypeSpecific />
  </TestRunConfiguration>
  <ResultSummary outcome="Failed">
    <Counters total="1" executed="1" error="0" failed="1" timeout="0" aborted="0" inconclusive="0" passedButRunAborted="0" notRunnable="0" notExecuted="0" disconnected="0" warning="0" passed="0" completed="0" inProgress="0" pending="0" />
  </ResultSummary>
  <Times creation="2021-01-06T10:33:24.0134651+01:00" queuing="2021-01-06T10:33:25.2404469+01:00" start="2021-01-06T10:33:25.4017040+01:00" finish="2021-01-06T10:34:06.9262154+01:00" />
  <TestDefinitions>
    <UnitTest name="TestMethod1" storage="c:\cb\inventorycb\inventorytestproject\bin\debug\inventorytestproject.dll" id="cd93b8cd-7cb4-2974-2e5a-c7a5b88483f4">
      <Css projectStructure="" iteration="" />
      <Owners>
        <Owner name="" />
      </Owners>
      <Execution id="a16626a6-2583-4ab7-840b-45a1df9e2c5d" />
      <TestMethod codeBase="C:\CB\InventoryCB\InventoryTestProject\bin\Debug\InventoryTestProject.dll" adapterTypeName="Microsoft.VisualStudio.TestTools.TestTypes.Unit.UnitTestAdapter, Microsoft.VisualStudio.QualityTools.Tips.UnitTest.Adapter, Version=9.0.0.0, Culture=neutral, PublicKeyToken=b03f5f7f11d50a3a" className="InventoryTestProject.ProductServiceUnitTest, InventoryTestProject" name="TestMethod1" />
    </UnitTest>
  </TestDefinitions>
  <TestLists>
    <TestList name="Results Not in a List" id="8c84fa94-04c1-424b-9868-57a2d4851a1d" />
    <TestList name="All Loaded Results" id="19431567-8539-422a-85d7-44ee4e166bda" />
  </TestLists>
  <TestEntries>
    <TestEntry testId="cd93b8cd-7cb4-2974-2e5a-c7a5b88483f4" executionId="a16626a6-2583-4ab7-840b-45a1df9e2c5d" testListId="8c84fa94-04c1-424b-9868-57a2d4851a1d" />
  </TestEntries>
  <Results>
    <UnitTestResult executionId="a16626a6-2583-4ab7-840b-45a1df9e2c5d" testId="cd93b8cd-7cb4-2974-2e5a-c7a5b88483f4" testName="TestMethod1" computerName="AF201804P4269" duration="00:00:41.1261815" startTime="2021-01-06T10:33:25.5125012+01:00" endTime="2021-01-06T10:34:06.8731946+01:00" testType="13cdc9d9-ddb5-4fa4-a97d-d965ccfc6d4b" outcome="Failed" testListId="8c84fa94-04c1-424b-9868-57a2d4851a1d">
      <Output>
        <ErrorInfo>
          <Message>Assert.Fail failed. Assert.Equals should not be used for Assertions. Please use Assert.AreEqual &amp; overloads instead.</Message>
          <StackTrace>   à InventoryTestProject.ProductServiceUnitTest.TestMethod1() dans C:\CB\InventoryCB\InventoryTestProject\ProductServiceUnitTest.cs:ligne 53
</StackTrace>
        </ErrorInfo>
      </Output>
    </UnitTestResult>
  </Results>
</TestRun>